<?xml version="1.0" encoding="UTF-8"?>
<testsuite xmlns:xsi="http://www.w3.org/2001/XMLSchema-instance" xsi:noNamespaceSchemaLocation="https://maven.apache.org/surefire/maven-surefire-plugin/xsd/surefire-test-report.xsd" name="it.unipd.mtss.AppTest" time="0.183" tests="1" errors="0" skipped="0" failures="0">
  <properties>
    <property name="java.specification.version" value="18"/>
    <property name="sun.cpu.isalist" value="amd64"/>
    <property name="sun.jnu.encoding" value="Cp1252"/>
    <property name="java.class.path" value="C:\Users\Utente\Desktop\Università\TOS2\e-shop-manager\target\test-classes;C:\Users\Utente\Desktop\Università\TOS2\e-shop-manager\target\classes;C:\Users\Utente\.m2\repository\junit\junit\4.11\junit-4.11.jar;C:\Users\Utente\.m2\repository\org\hamcrest\hamcrest-core\1.3\hamcrest-core-1.3.jar;C:\Users\Utente\.m2\repository\javax\servlet\javax.servlet-api\4.0.1\javax.servlet-api-4.0.1.jar;C:\Users\Utente\.m2\repository\javax\activation\javax.activation-api\1.2.0\javax.activation-api-1.2.0.jar;C:\Users\Utente\.m2\repository\javax\xml\bind\jaxb-api\2.3.1\jaxb-api-2.3.1.jar;C:\Users\Utente\.m2\repository\org\jacoco\jacoco-maven-plugin\0.8.8\jacoco-maven-plugin-0.8.8.jar;C:\Users\Utente\.m2\repository\org\codehaus\plexus\plexus-utils\3.0.22\plexus-utils-3.0.22.jar;C:\Users\Utente\.m2\repository\org\apache\maven\shared\file-management\1.2.1\file-management-1.2.1.jar;C:\Users\Utente\.m2\repository\org\apache\maven\maven-plugin-api\2.0.6\maven-plugin-api-2.0.6.jar;C:\Users\Utente\.m2\repository\org\apache\maven\shared\maven-shared-io\1.1\maven-shared-io-1.1.jar;C:\Users\Utente\.m2\repository\org\apache\maven\maven-artifact\2.0.2\maven-artifact-2.0.2.jar;C:\Users\Utente\.m2\repository\org\apache\maven\maven-artifact-manager\2.0.2\maven-artifact-manager-2.0.2.jar;C:\Users\Utente\.m2\repository\org\apache\maven\maven-repository-metadata\2.0.2\maven-repository-metadata-2.0.2.jar;C:\Users\Utente\.m2\repository\org\apache\maven\wagon\wagon-provider-api\1.0-alpha-6\wagon-provider-api-1.0-alpha-6.jar;C:\Users\Utente\.m2\repository\org\codehaus\plexus\plexus-container-default\1.0-alpha-9\plexus-container-default-1.0-alpha-9.jar;C:\Users\Utente\.m2\repository\classworlds\classworlds\1.1-alpha-2\classworlds-1.1-alpha-2.jar;C:\Users\Utente\.m2\repository\org\apache\maven\reporting\maven-reporting-api\3.0\maven-reporting-api-3.0.jar;C:\Users\Utente\.m2\repository\org\apache\maven\doxia\doxia-sink-api\1.0\doxia-sink-api-1.0.jar;C:\Users\Utente\.m2\repository\org\jacoco\org.jacoco.agent\0.8.8\org.jacoco.agent-0.8.8-runtime.jar;C:\Users\Utente\.m2\repository\org\jacoco\org.jacoco.core\0.8.8\org.jacoco.core-0.8.8.jar;C:\Users\Utente\.m2\repository\org\ow2\asm\asm\9.2\asm-9.2.jar;C:\Users\Utente\.m2\repository\org\ow2\asm\asm-commons\9.2\asm-commons-9.2.jar;C:\Users\Utente\.m2\repository\org\ow2\asm\asm-analysis\9.2\asm-analysis-9.2.jar;C:\Users\Utente\.m2\repository\org\ow2\asm\asm-tree\9.2\asm-tree-9.2.jar;C:\Users\Utente\.m2\repository\org\jacoco\org.jacoco.report\0.8.8\org.jacoco.report-0.8.8.jar;"/>
    <property name="java.vm.vendor" value="Oracle Corporation"/>
    <property name="sun.arch.data.model" value="64"/>
    <property name="user.variant" value=""/>
    <property name="java.vendor.url" value="https://java.oracle.com/"/>
    <property name="user.timezone" value="Europe/Rome"/>
    <property name="os.name" value="Windows 8.1"/>
    <property name="java.vm.specification.version" value="18"/>
    <property name="sun.java.launcher" value="SUN_STANDARD"/>
    <property name="user.country" value="IT"/>
    <property name="sun.boot.library.path" value="C:\Program Files\Java\jdk-18\bin"/>
    <property name="sun.java.command" value="C:\Users\Utente\AppData\Local\Temp\surefire6982351311110280801\surefirebooter5854822993490609336.jar C:\Users\Utente\AppData\Local\Temp\surefire6982351311110280801 2022-05-20T13-20-37_017-jvmRun1 surefire1865015340646290711tmp surefire_02378734159989838721tmp"/>
    <property name="jdk.debug" value="release"/>
    <property name="surefire.test.class.path" value="C:\Users\Utente\Desktop\Università\TOS2\e-shop-manager\target\test-classes;C:\Users\Utente\Desktop\Università\TOS2\e-shop-manager\target\classes;C:\Users\Utente\.m2\repository\junit\junit\4.11\junit-4.11.jar;C:\Users\Utente\.m2\repository\org\hamcrest\hamcrest-core\1.3\hamcrest-core-1.3.jar;C:\Users\Utente\.m2\repository\javax\servlet\javax.servlet-api\4.0.1\javax.servlet-api-4.0.1.jar;C:\Users\Utente\.m2\repository\javax\activation\javax.activation-api\1.2.0\javax.activation-api-1.2.0.jar;C:\Users\Utente\.m2\repository\javax\xml\bind\jaxb-api\2.3.1\jaxb-api-2.3.1.jar;C:\Users\Utente\.m2\repository\org\jacoco\jacoco-maven-plugin\0.8.8\jacoco-maven-plugin-0.8.8.jar;C:\Users\Utente\.m2\repository\org\codehaus\plexus\plexus-utils\3.0.22\plexus-utils-3.0.22.jar;C:\Users\Utente\.m2\repository\org\apache\maven\shared\file-management\1.2.1\file-management-1.2.1.jar;C:\Users\Utente\.m2\repository\org\apache\maven\maven-plugin-api\2.0.6\maven-plugin-api-2.0.6.jar;C:\Users\Utente\.m2\repository\org\apache\maven\shared\maven-shared-io\1.1\maven-shared-io-1.1.jar;C:\Users\Utente\.m2\repository\org\apache\maven\maven-artifact\2.0.2\maven-artifact-2.0.2.jar;C:\Users\Utente\.m2\repository\org\apache\maven\maven-artifact-manager\2.0.2\maven-artifact-manager-2.0.2.jar;C:\Users\Utente\.m2\repository\org\apache\maven\maven-repository-metadata\2.0.2\maven-repository-metadata-2.0.2.jar;C:\Users\Utente\.m2\repository\org\apache\maven\wagon\wagon-provider-api\1.0-alpha-6\wagon-provider-api-1.0-alpha-6.jar;C:\Users\Utente\.m2\repository\org\codehaus\plexus\plexus-container-default\1.0-alpha-9\plexus-container-default-1.0-alpha-9.jar;C:\Users\Utente\.m2\repository\classworlds\classworlds\1.1-alpha-2\classworlds-1.1-alpha-2.jar;C:\Users\Utente\.m2\repository\org\apache\maven\reporting\maven-reporting-api\3.0\maven-reporting-api-3.0.jar;C:\Users\Utente\.m2\repository\org\apache\maven\doxia\doxia-sink-api\1.0\doxia-sink-api-1.0.jar;C:\Users\Utente\.m2\repository\org\jacoco\org.jacoco.agent\0.8.8\org.jacoco.agent-0.8.8-runtime.jar;C:\Users\Utente\.m2\repository\org\jacoco\org.jacoco.core\0.8.8\org.jacoco.core-0.8.8.jar;C:\Users\Utente\.m2\repository\org\ow2\asm\asm\9.2\asm-9.2.jar;C:\Users\Utente\.m2\repository\org\ow2\asm\asm-commons\9.2\asm-commons-9.2.jar;C:\Users\Utente\.m2\repository\org\ow2\asm\asm-analysis\9.2\asm-analysis-9.2.jar;C:\Users\Utente\.m2\repository\org\ow2\asm\asm-tree\9.2\asm-tree-9.2.jar;C:\Users\Utente\.m2\repository\org\jacoco\org.jacoco.report\0.8.8\org.jacoco.report-0.8.8.jar;"/>
    <property name="sun.cpu.endian" value="little"/>
    <property name="user.home" value="C:\Users\Utente"/>
    <property name="user.language" value="it"/>
    <property name="java.specification.vendor" value="Oracle Corporation"/>
    <property name="java.version.date" value="2022-03-22"/>
    <property name="java.home" value="C:\Program Files\Java\jdk-18"/>
    <property name="file.separator" value="\"/>
    <property name="basedir" value="C:\Users\Utente\Desktop\Università\TOS2\e-shop-manager"/>
    <property name="java.vm.compressedOopsMode" value="32-bit"/>
    <property name="line.separator" value="&#10;"/>
    <property name="java.vm.specification.vendor" value="Oracle Corporation"/>
    <property name="java.specification.name" value="Java Platform API Specification"/>
    <property name="surefire.real.class.path" value="C:\Users\Utente\AppData\Local\Temp\surefire6982351311110280801\surefirebooter5854822993490609336.jar"/>
    <property name="user.script" value=""/>
    <property name="sun.management.compiler" value="HotSpot 64-Bit Tiered Compilers"/>
    <property name="java.runtime.version" value="18+36-2087"/>
    <property name="user.name" value="Utente"/>
    <property name="path.separator" value=";"/>
    <property name="os.version" value="6.3"/>
    <property name="java.runtime.name" value="Java(TM) SE Runtime Environment"/>
    <property name="file.encoding" value="UTF-8"/>
    <property name="java.vm.name" value="Java HotSpot(TM) 64-Bit Server VM"/>
    <property name="localRepository" value="C:\Users\Utente\.m2\repository"/>
    <property name="java.vendor.url.bug" value="https://bugreport.java.com/bugreport/"/>
    <property name="java.io.tmpdir" value="C:\Users\Utente\AppData\Local\Temp\"/>
    <property name="java.version" value="18"/>
    <property name="user.dir" value="C:\Users\Utente\Desktop\Università\TOS2\e-shop-manager"/>
    <property name="os.arch" value="amd64"/>
    <property name="java.vm.specification.name" value="Java Virtual Machine Specification"/>
    <property name="sun.os.patch.level" value=""/>
    <property name="native.encoding" value="Cp1252"/>
    <property name="java.library.path" value="C:\Program Files\Java\jdk-18\bin;C:\WINDOWS\Sun\Java\bin;C:\WINDOWS\system32;C:\WINDOWS;C:\Program Files\Common Files\Oracle\Java\javapath;C:\Python310\Scripts\;C:\Python310\;C:\Program Files (x86)\Common Files\Oracle\Java\javapath;C:\Python39\Scripts\;C:\Python39\;C:\ProgramData\Oracle\Java\javapath;C:\Program Files\Broadcom\Broadcom 802.11 Network Adapter;C:\Program Files (x86)\Intel\iCLS Client\;C:\Program Files\Intel\iCLS Client\;C:\Windows\system32;C:\Windows;C:\Windows\System32\Wbem;C:\Windows\System32\WindowsPowerShell\v1.0\;C:\Program Files\Intel\Intel(R) Management Engine Components\DAL;C:\Program Files\Intel\Intel(R) Management Engine Components\IPT;C:\Program Files (x86)\Intel\Intel(R) Management Engine Components\DAL;C:\Program Files (x86)\Intel\Intel(R) Management Engine Components\IPT;C:\Program Files\WIDCOMM\Bluetooth Software\;C:\Program Files\WIDCOMM\Bluetooth Software\syswow64;C:\Program Files\Acer\Remote Files\;C:\Program Files (x86)\NVIDIA Corporation\PhysX\Common;C:\Program Files (x86)\Skype\Phone\;C:\ProgramData\chocolatey\bin;C:\Program Files\PostgreSQL\13\lib;C:\MinGW64\bin;C:\Program Files\MATLAB\R2021a\bin;C:\Program Files (x86)\Bitvise SSH Client;C:\Program Files\NVIDIA Corporation\NVIDIA NvDLISR;C:\Program Files\PuTTY\;C:\Program Files\nodejs\;C:\Program Files\Git\cmd;C:\Users\Utente\AppData\Local\Programs\Python\Python38\Scripts\;C:\Users\Utente\AppData\Local\Programs\Python\Python38\;C:\Users\Utente\AppData\Local\Programs\MiKTeX\miktex\bin\x64\;C:\Users\Utente\AppData\Local\Programs\Microsoft VS Code\bin;C:\Users\Utente\AppData\Roaming\npm;C:\Users\Utente\Desktop\IDEs - VM - Stuff\Maven\apache-maven-3.8.5\bin;."/>
    <property name="java.vm.info" value="mixed mode, sharing"/>
    <property name="java.vendor" value="Oracle Corporation"/>
    <property name="java.vm.version" value="18+36-2087"/>
    <property name="sun.io.unicode.encoding" value="UnicodeLittle"/>
    <property name="java.class.version" value="62.0"/>
  </properties>
  <testcase name="shouldAnswerWithTrue" classname="it.unipd.mtss.AppTest" time="0.006"/>
</testsuite>